<?xml version="1.0" encoding="UTF-8"?>
<!-- Generated by org.testng.reporters.JUnitXMLReporter -->
<testsuite ignored="0" hostname="DESKTOP-SUFA48T" failures="0" tests="4" name="Test" time="56.046" errors="0" timestamp="2023-12-10T14:23:52 IST">
  <testcase classname="com.test.TC_RF_001" name="tc_rf_001" time="9.879"/>
  <testcase classname="com.test.TC_RF_009" name="tc_rf_009" time="6.806"/>
  <testcase classname="com.test.TC_RF_004" name="tc_rf_004" time="6.22"/>
  <testcase classname="com.test.TC_LF_001" name="tc_lf_001" time="6.687"/>
</testsuite> <!-- Test -->
