<?xml version="1.0" encoding="UTF-8"?>
<!-- Generated by org.testng.reporters.JUnitXMLReporter -->
<testsuite ignored="4" hostname="DESKTOP-SUFA48T" failures="1" tests="3" name="Test" time="24.553" errors="0" timestamp="2023-11-02T21:59:36 IST">
  <testcase classname="com.test.TC_RF_001" name="test1" time="8.025">
    <failure type="java.lang.AssertionError" message="Text mismatch:  expected [Your Account Has Been Created!] but found [Register Account]">
      <![CDATA[java.lang.AssertionError: Text mismatch:  expected [Your Account Has Been Created!] but found [Register Account]
at com.utility.Utility.assertTextEqualsByElementText(Utility.java:80)
at com.test.TC_RF_001.test1(TC_RF_001.java:30)
at java.base/java.util.ArrayList.forEach(ArrayList.java:1511)
... Removed 32 stack frames]]>
    </failure>
  </testcase> <!-- test1 -->
  <testcase classname="com.test.TC_RF_009" name="test1" time="6.129"/>
  <testcase classname="com.test.TC_RF_004" name="test1" time="4.904"/>
  <testcase classname="com.base.Base" name="@AfterTest tearUp" time="0.0">
    <ignored/>
  </testcase> <!-- @AfterTest tearUp -->
  <testcase classname="com.base.Base" name="@BeforeTest browserSetup" time="0.0">
    <ignored/>
  </testcase> <!-- @BeforeTest browserSetup -->
  <testcase classname="com.base.Base" name="@BeforeTest browserSetup" time="0.0">
    <ignored/>
  </testcase> <!-- @BeforeTest browserSetup -->
  <testcase classname="com.base.Base" name="@AfterTest tearUp" time="0.0">
    <ignored/>
  </testcase> <!-- @AfterTest tearUp -->
</testsuite> <!-- Test -->
