<?xml version="1.0" encoding="UTF-8"?>
<testng-results ignored="0" total="1" passed="1" failed="0" skipped="0">
  <reporter-output>
  </reporter-output>
  <suite started-at="2023-12-25T21:33:18 IST" name="Default suite" finished-at="2023-12-25T21:33:27 IST" duration-ms="9287">
    <groups>
    </groups>
    <test started-at="2023-12-25T21:33:18 IST" name="Default test" finished-at="2023-12-25T21:33:27 IST" duration-ms="9287">
      <class name="com.test.TC_RF_004">
        <test-method is-config="true" signature="browserSetup()[pri:0, instance:com.test.TC_RF_004@cb0755b]" started-at="2023-12-25T21:33:18 IST" name="browserSetup" finished-at="2023-12-25T21:33:21 IST" duration-ms="3295" status="PASS">
          <reporter-output>
          </reporter-output>
        </test-method> <!-- browserSetup -->
        <test-method signature="tc_rf_004()[pri:0, instance:com.test.TC_RF_004@cb0755b]" started-at="2023-12-25T21:33:22 IST" name="tc_rf_004" description="Validate proper notification messages are displayed for the mandatory fields, when you don&#039;t provide any fields in the &#039;Register Account&#039; page and submit" finished-at="2023-12-25T21:33:27 IST" duration-ms="5906" status="PASS">
          <reporter-output>
          </reporter-output>
        </test-method> <!-- tc_rf_004 -->
        <test-method is-config="true" signature="tearUp()[pri:0, instance:com.test.TC_RF_004@cb0755b]" started-at="2023-12-25T21:33:27 IST" name="tearUp" finished-at="2023-12-25T21:33:27 IST" duration-ms="0" status="PASS">
          <reporter-output>
          </reporter-output>
        </test-method> <!-- tearUp -->
      </class> <!-- com.test.TC_RF_004 -->
    </test> <!-- Default test -->
  </suite> <!-- Default suite -->
</testng-results>
